  entitiesd.cpp
C:\Users\noah\source\repos\WaveBricks\entitiesd.cpp(15,28): warning C4018:  '<': signed/unsigned mismatch
C:\Users\noah\source\repos\WaveBricks\entitiesd.cpp(39,30): warning C4018:  '<': signed/unsigned mismatch
C:\Users\noah\source\repos\WaveBricks\entitiesd.cpp(41,39): warning C4018:  '<=': signed/unsigned mismatch
C:\Users\noah\source\repos\WaveBricks\entitiesd.cpp(63,28): warning C4018:  '<': signed/unsigned mismatch
C:\Users\noah\source\repos\WaveBricks\entitiesd.cpp(82,28): warning C4018:  '<': signed/unsigned mismatch
C:\Users\noah\source\repos\WaveBricks\entitiesd.cpp(93,31): warning C4244:  'argument': conversion from 'float' to 'const unsigned int', possible loss of data
C:\Users\noah\source\repos\WaveBricks\entitiesd.cpp(94,50): warning C4244:  'argument': conversion from 'float' to 'const unsigned int', possible loss of data
C:\Users\noah\source\repos\WaveBricks\entitiesd.cpp(95,52): warning C4244:  'argument': conversion from 'float' to 'const unsigned int', possible loss of data
C:\Users\noah\source\repos\WaveBricks\entitiesd.cpp(96,52): warning C4244:  'argument': conversion from 'float' to 'const unsigned int', possible loss of data
C:\Users\noah\source\repos\WaveBricks\entitiesd.cpp(97,45): warning C4244:  'argument': conversion from 'float' to 'const unsigned int', possible loss of data
C:\Users\noah\source\repos\WaveBricks\entitiesd.cpp(98,47): warning C4244:  'argument': conversion from 'float' to 'const unsigned int', possible loss of data
C:\Users\noah\source\repos\WaveBricks\entitiesd.cpp(99,47): warning C4244:  'argument': conversion from 'float' to 'const unsigned int', possible loss of data
C:\Users\noah\source\repos\WaveBricks\entitiesd.cpp(242,36): warning C4244:  'argument': conversion from 'double' to '_Ty', possible loss of data
C:\Users\noah\source\repos\WaveBricks\entitiesd.cpp(242,36): warning C4244:         with
C:\Users\noah\source\repos\WaveBricks\entitiesd.cpp(242,36): warning C4244:         [
C:\Users\noah\source\repos\WaveBricks\entitiesd.cpp(242,36): warning C4244:             _Ty=GLfloat
C:\Users\noah\source\repos\WaveBricks\entitiesd.cpp(242,36): warning C4244:         ]
C:\Users\noah\source\repos\WaveBricks\entitiesd.cpp(248,38): warning C4244:  'argument': conversion from 'double' to '_Ty', possible loss of data
C:\Users\noah\source\repos\WaveBricks\entitiesd.cpp(248,38): warning C4244:         with
C:\Users\noah\source\repos\WaveBricks\entitiesd.cpp(248,38): warning C4244:         [
C:\Users\noah\source\repos\WaveBricks\entitiesd.cpp(248,38): warning C4244:             _Ty=GLfloat
C:\Users\noah\source\repos\WaveBricks\entitiesd.cpp(248,38): warning C4244:         ]
C:\Users\noah\source\repos\WaveBricks\entitiesd.cpp(253,38): warning C4244:  'argument': conversion from 'double' to '_Ty', possible loss of data
C:\Users\noah\source\repos\WaveBricks\entitiesd.cpp(253,38): warning C4244:         with
C:\Users\noah\source\repos\WaveBricks\entitiesd.cpp(253,38): warning C4244:         [
C:\Users\noah\source\repos\WaveBricks\entitiesd.cpp(253,38): warning C4244:             _Ty=GLfloat
C:\Users\noah\source\repos\WaveBricks\entitiesd.cpp(253,38): warning C4244:         ]
C:\Users\noah\source\repos\WaveBricks\entitiesd.cpp(262,38): warning C4244:  'argument': conversion from 'double' to '_Ty', possible loss of data
C:\Users\noah\source\repos\WaveBricks\entitiesd.cpp(262,38): warning C4244:         with
C:\Users\noah\source\repos\WaveBricks\entitiesd.cpp(262,38): warning C4244:         [
C:\Users\noah\source\repos\WaveBricks\entitiesd.cpp(262,38): warning C4244:             _Ty=GLfloat
C:\Users\noah\source\repos\WaveBricks\entitiesd.cpp(262,38): warning C4244:         ]
C:\Users\noah\source\repos\WaveBricks\entitiesd.cpp(267,36): warning C4244:  'argument': conversion from 'double' to '_Ty', possible loss of data
C:\Users\noah\source\repos\WaveBricks\entitiesd.cpp(267,36): warning C4244:         with
C:\Users\noah\source\repos\WaveBricks\entitiesd.cpp(267,36): warning C4244:         [
C:\Users\noah\source\repos\WaveBricks\entitiesd.cpp(267,36): warning C4244:             _Ty=GLfloat
C:\Users\noah\source\repos\WaveBricks\entitiesd.cpp(267,36): warning C4244:         ]
C:\Users\noah\source\repos\WaveBricks\entitiesd.cpp(273,38): warning C4244:  'argument': conversion from 'double' to '_Ty', possible loss of data
C:\Users\noah\source\repos\WaveBricks\entitiesd.cpp(273,38): warning C4244:         with
C:\Users\noah\source\repos\WaveBricks\entitiesd.cpp(273,38): warning C4244:         [
C:\Users\noah\source\repos\WaveBricks\entitiesd.cpp(273,38): warning C4244:             _Ty=GLfloat
C:\Users\noah\source\repos\WaveBricks\entitiesd.cpp(273,38): warning C4244:         ]
C:\Users\noah\source\repos\WaveBricks\entitiesd.cpp(279,34): warning C4018:  '<': signed/unsigned mismatch
C:\Users\noah\source\repos\WaveBricks\entitiesd.cpp(285,18): warning C4244:  '=': conversion from 'double' to 'int', possible loss of data
C:\Users\noah\source\repos\WaveBricks\entitiesd.cpp(288,34): warning C4018:  '<': signed/unsigned mismatch
C:\Users\noah\source\repos\WaveBricks\entitiesd.cpp(305,35): warning C4244:  'argument': conversion from 'double' to '_Ty', possible loss of data
C:\Users\noah\source\repos\WaveBricks\entitiesd.cpp(305,35): warning C4244:         with
C:\Users\noah\source\repos\WaveBricks\entitiesd.cpp(305,35): warning C4244:         [
C:\Users\noah\source\repos\WaveBricks\entitiesd.cpp(305,35): warning C4244:             _Ty=GLfloat
C:\Users\noah\source\repos\WaveBricks\entitiesd.cpp(305,35): warning C4244:         ]
C:\Users\noah\source\repos\WaveBricks\entitiesd.cpp(310,33): warning C4244:  'argument': conversion from 'double' to '_Ty', possible loss of data
C:\Users\noah\source\repos\WaveBricks\entitiesd.cpp(310,33): warning C4244:         with
C:\Users\noah\source\repos\WaveBricks\entitiesd.cpp(310,33): warning C4244:         [
C:\Users\noah\source\repos\WaveBricks\entitiesd.cpp(310,33): warning C4244:             _Ty=GLfloat
C:\Users\noah\source\repos\WaveBricks\entitiesd.cpp(310,33): warning C4244:         ]
C:\Users\noah\source\repos\WaveBricks\entitiesd.cpp(316,35): warning C4244:  'argument': conversion from 'double' to '_Ty', possible loss of data
C:\Users\noah\source\repos\WaveBricks\entitiesd.cpp(316,35): warning C4244:         with
C:\Users\noah\source\repos\WaveBricks\entitiesd.cpp(316,35): warning C4244:         [
C:\Users\noah\source\repos\WaveBricks\entitiesd.cpp(316,35): warning C4244:             _Ty=GLfloat
C:\Users\noah\source\repos\WaveBricks\entitiesd.cpp(316,35): warning C4244:         ]
C:\Users\noah\source\repos\WaveBricks\entitiesd.cpp(322,31): warning C4018:  '<': signed/unsigned mismatch
C:\Users\noah\source\repos\WaveBricks\entitiesd.cpp(328,15): warning C4244:  '=': conversion from 'double' to 'int', possible loss of data
C:\Users\noah\source\repos\WaveBricks\entitiesd.cpp(331,31): warning C4018:  '<': signed/unsigned mismatch
C:\Users\noah\source\repos\WaveBricks\entitiesd.cpp(358,34): warning C4244:  'argument': conversion from 'double' to '_Ty', possible loss of data
C:\Users\noah\source\repos\WaveBricks\entitiesd.cpp(358,34): warning C4244:         with
C:\Users\noah\source\repos\WaveBricks\entitiesd.cpp(358,34): warning C4244:         [
C:\Users\noah\source\repos\WaveBricks\entitiesd.cpp(358,34): warning C4244:             _Ty=GLfloat
C:\Users\noah\source\repos\WaveBricks\entitiesd.cpp(358,34): warning C4244:         ]
C:\Users\noah\source\repos\WaveBricks\entitiesd.cpp(363,36): warning C4244:  'argument': conversion from 'double' to '_Ty', possible loss of data
C:\Users\noah\source\repos\WaveBricks\entitiesd.cpp(363,36): warning C4244:         with
C:\Users\noah\source\repos\WaveBricks\entitiesd.cpp(363,36): warning C4244:         [
C:\Users\noah\source\repos\WaveBricks\entitiesd.cpp(363,36): warning C4244:             _Ty=GLfloat
C:\Users\noah\source\repos\WaveBricks\entitiesd.cpp(363,36): warning C4244:         ]
C:\Users\noah\source\repos\WaveBricks\entitiesd.cpp(369,36): warning C4244:  'argument': conversion from 'double' to '_Ty', possible loss of data
C:\Users\noah\source\repos\WaveBricks\entitiesd.cpp(369,36): warning C4244:         with
C:\Users\noah\source\repos\WaveBricks\entitiesd.cpp(369,36): warning C4244:         [
C:\Users\noah\source\repos\WaveBricks\entitiesd.cpp(369,36): warning C4244:             _Ty=GLfloat
C:\Users\noah\source\repos\WaveBricks\entitiesd.cpp(369,36): warning C4244:         ]
C:\Users\noah\source\repos\WaveBricks\entitiesd.cpp(375,37): warning C4244:  'argument': conversion from 'double' to '_Ty', possible loss of data
C:\Users\noah\source\repos\WaveBricks\entitiesd.cpp(375,37): warning C4244:         with
C:\Users\noah\source\repos\WaveBricks\entitiesd.cpp(375,37): warning C4244:         [
C:\Users\noah\source\repos\WaveBricks\entitiesd.cpp(375,37): warning C4244:             _Ty=GLfloat
C:\Users\noah\source\repos\WaveBricks\entitiesd.cpp(375,37): warning C4244:         ]
C:\Users\noah\source\repos\WaveBricks\entitiesd.cpp(381,36): warning C4244:  'argument': conversion from 'double' to '_Ty', possible loss of data
C:\Users\noah\source\repos\WaveBricks\entitiesd.cpp(381,36): warning C4244:         with
C:\Users\noah\source\repos\WaveBricks\entitiesd.cpp(381,36): warning C4244:         [
C:\Users\noah\source\repos\WaveBricks\entitiesd.cpp(381,36): warning C4244:             _Ty=GLfloat
C:\Users\noah\source\repos\WaveBricks\entitiesd.cpp(381,36): warning C4244:         ]
C:\Users\noah\source\repos\WaveBricks\entitiesd.cpp(387,37): warning C4244:  'argument': conversion from 'double' to '_Ty', possible loss of data
C:\Users\noah\source\repos\WaveBricks\entitiesd.cpp(387,37): warning C4244:         with
C:\Users\noah\source\repos\WaveBricks\entitiesd.cpp(387,37): warning C4244:         [
C:\Users\noah\source\repos\WaveBricks\entitiesd.cpp(387,37): warning C4244:             _Ty=GLfloat
C:\Users\noah\source\repos\WaveBricks\entitiesd.cpp(387,37): warning C4244:         ]
C:\Users\noah\source\repos\WaveBricks\entitiesd.cpp(393,36): warning C4244:  'argument': conversion from 'double' to '_Ty', possible loss of data
C:\Users\noah\source\repos\WaveBricks\entitiesd.cpp(393,36): warning C4244:         with
C:\Users\noah\source\repos\WaveBricks\entitiesd.cpp(393,36): warning C4244:         [
C:\Users\noah\source\repos\WaveBricks\entitiesd.cpp(393,36): warning C4244:             _Ty=GLfloat
C:\Users\noah\source\repos\WaveBricks\entitiesd.cpp(393,36): warning C4244:         ]
C:\Users\noah\source\repos\WaveBricks\entitiesd.cpp(399,35): warning C4244:  'argument': conversion from 'double' to '_Ty', possible loss of data
C:\Users\noah\source\repos\WaveBricks\entitiesd.cpp(399,35): warning C4244:         with
C:\Users\noah\source\repos\WaveBricks\entitiesd.cpp(399,35): warning C4244:         [
C:\Users\noah\source\repos\WaveBricks\entitiesd.cpp(399,35): warning C4244:             _Ty=GLfloat
C:\Users\noah\source\repos\WaveBricks\entitiesd.cpp(399,35): warning C4244:         ]
C:\Users\noah\source\repos\WaveBricks\entitiesd.cpp(406,34): warning C4018:  '<': signed/unsigned mismatch
C:\Users\noah\source\repos\WaveBricks\entitiesd.cpp(416,18): warning C4244:  '=': conversion from 'double' to 'int', possible loss of data
C:\Users\noah\source\repos\WaveBricks\entitiesd.cpp(439,34): warning C4018:  '<': signed/unsigned mismatch
C:\Users\noah\source\repos\WaveBricks\entitiesd.cpp(449,18): warning C4244:  '=': conversion from 'double' to 'int', possible loss of data
C:\Users\noah\source\repos\WaveBricks\entitiesd.cpp(466,34): warning C4244:  'argument': conversion from 'double' to '_Ty', possible loss of data
C:\Users\noah\source\repos\WaveBricks\entitiesd.cpp(466,34): warning C4244:         with
C:\Users\noah\source\repos\WaveBricks\entitiesd.cpp(466,34): warning C4244:         [
C:\Users\noah\source\repos\WaveBricks\entitiesd.cpp(466,34): warning C4244:             _Ty=GLfloat
C:\Users\noah\source\repos\WaveBricks\entitiesd.cpp(466,34): warning C4244:         ]
C:\Users\noah\source\repos\WaveBricks\entitiesd.cpp(471,36): warning C4244:  'argument': conversion from 'double' to '_Ty', possible loss of data
C:\Users\noah\source\repos\WaveBricks\entitiesd.cpp(471,36): warning C4244:         with
C:\Users\noah\source\repos\WaveBricks\entitiesd.cpp(471,36): warning C4244:         [
C:\Users\noah\source\repos\WaveBricks\entitiesd.cpp(471,36): warning C4244:             _Ty=GLfloat
C:\Users\noah\source\repos\WaveBricks\entitiesd.cpp(471,36): warning C4244:         ]
C:\Users\noah\source\repos\WaveBricks\entitiesd.cpp(477,36): warning C4244:  'argument': conversion from 'double' to '_Ty', possible loss of data
C:\Users\noah\source\repos\WaveBricks\entitiesd.cpp(477,36): warning C4244:         with
C:\Users\noah\source\repos\WaveBricks\entitiesd.cpp(477,36): warning C4244:         [
C:\Users\noah\source\repos\WaveBricks\entitiesd.cpp(477,36): warning C4244:             _Ty=GLfloat
C:\Users\noah\source\repos\WaveBricks\entitiesd.cpp(477,36): warning C4244:         ]
C:\Users\noah\source\repos\WaveBricks\entitiesd.cpp(483,37): warning C4244:  'argument': conversion from 'double' to '_Ty', possible loss of data
C:\Users\noah\source\repos\WaveBricks\entitiesd.cpp(483,37): warning C4244:         with
C:\Users\noah\source\repos\WaveBricks\entitiesd.cpp(483,37): warning C4244:         [
C:\Users\noah\source\repos\WaveBricks\entitiesd.cpp(483,37): warning C4244:             _Ty=GLfloat
C:\Users\noah\source\repos\WaveBricks\entitiesd.cpp(483,37): warning C4244:         ]
C:\Users\noah\source\repos\WaveBricks\entitiesd.cpp(489,36): warning C4244:  'argument': conversion from 'double' to '_Ty', possible loss of data
C:\Users\noah\source\repos\WaveBricks\entitiesd.cpp(489,36): warning C4244:         with
C:\Users\noah\source\repos\WaveBricks\entitiesd.cpp(489,36): warning C4244:         [
C:\Users\noah\source\repos\WaveBricks\entitiesd.cpp(489,36): warning C4244:             _Ty=GLfloat
C:\Users\noah\source\repos\WaveBricks\entitiesd.cpp(489,36): warning C4244:         ]
C:\Users\noah\source\repos\WaveBricks\entitiesd.cpp(495,37): warning C4244:  'argument': conversion from 'double' to '_Ty', possible loss of data
C:\Users\noah\source\repos\WaveBricks\entitiesd.cpp(495,37): warning C4244:         with
C:\Users\noah\source\repos\WaveBricks\entitiesd.cpp(495,37): warning C4244:         [
C:\Users\noah\source\repos\WaveBricks\entitiesd.cpp(495,37): warning C4244:             _Ty=GLfloat
C:\Users\noah\source\repos\WaveBricks\entitiesd.cpp(495,37): warning C4244:         ]
C:\Users\noah\source\repos\WaveBricks\entitiesd.cpp(501,36): warning C4244:  'argument': conversion from 'double' to '_Ty', possible loss of data
C:\Users\noah\source\repos\WaveBricks\entitiesd.cpp(501,36): warning C4244:         with
C:\Users\noah\source\repos\WaveBricks\entitiesd.cpp(501,36): warning C4244:         [
C:\Users\noah\source\repos\WaveBricks\entitiesd.cpp(501,36): warning C4244:             _Ty=GLfloat
C:\Users\noah\source\repos\WaveBricks\entitiesd.cpp(501,36): warning C4244:         ]
C:\Users\noah\source\repos\WaveBricks\entitiesd.cpp(507,35): warning C4244:  'argument': conversion from 'double' to '_Ty', possible loss of data
C:\Users\noah\source\repos\WaveBricks\entitiesd.cpp(507,35): warning C4244:         with
C:\Users\noah\source\repos\WaveBricks\entitiesd.cpp(507,35): warning C4244:         [
C:\Users\noah\source\repos\WaveBricks\entitiesd.cpp(507,35): warning C4244:             _Ty=GLfloat
C:\Users\noah\source\repos\WaveBricks\entitiesd.cpp(507,35): warning C4244:         ]
C:\Users\noah\source\repos\WaveBricks\entitiesd.cpp(518,31): warning C4018:  '<': signed/unsigned mismatch
C:\Users\noah\source\repos\WaveBricks\entitiesd.cpp(528,15): warning C4244:  '=': conversion from 'double' to 'int', possible loss of data
C:\Users\noah\source\repos\WaveBricks\entitiesd.cpp(546,31): warning C4018:  '<': signed/unsigned mismatch
C:\Users\noah\source\repos\WaveBricks\entitiesd.cpp(556,15): warning C4244:  '=': conversion from 'double' to 'int', possible loss of data
C:\Users\noah\source\repos\WaveBricks\entitiesd.cpp(594,45): warning C4244:  'argument': conversion from 'float' to 'const unsigned int', possible loss of data
C:\Users\noah\source\repos\WaveBricks\entitiesd.cpp(595,47): warning C4244:  'argument': conversion from 'float' to 'const unsigned int', possible loss of data
C:\Users\noah\source\repos\WaveBricks\entitiesd.cpp(596,47): warning C4244:  'argument': conversion from 'float' to 'const unsigned int', possible loss of data
C:\Users\noah\source\repos\WaveBricks\entitiesd.cpp(600,62): warning C4018:  '>=': signed/unsigned mismatch
C:\Users\noah\source\repos\WaveBricks\entitiesd.cpp(600,112): warning C4018:  '>=': signed/unsigned mismatch
C:\Users\noah\source\repos\WaveBricks\entitiesd.cpp(600,161): warning C4244:  'argument': conversion from 'float' to 'const unsigned int', possible loss of data
C:\Users\noah\source\repos\WaveBricks\entitiesd.cpp(600,216): warning C4018:  '>=': signed/unsigned mismatch
C:\Users\noah\source\repos\WaveBricks\entitiesd.cpp(602,48): warning C4244:  'argument': conversion from 'float' to 'const unsigned int', possible loss of data
C:\Users\noah\source\repos\WaveBricks\entitiesd.cpp(602,24): warning C4018:  '<': signed/unsigned mismatch
C:\Users\noah\source\repos\WaveBricks\entitiesd.cpp(603,49): warning C4244:  'argument': conversion from 'float' to 'const unsigned int', possible loss of data
C:\Users\noah\source\repos\WaveBricks\entitiesd.cpp(604,112): warning C4244:  '+=': conversion from 'double' to '_Ty', possible loss of data
C:\Users\noah\source\repos\WaveBricks\entitiesd.cpp(604,112): warning C4244:         with
C:\Users\noah\source\repos\WaveBricks\entitiesd.cpp(604,112): warning C4244:         [
C:\Users\noah\source\repos\WaveBricks\entitiesd.cpp(604,112): warning C4244:             _Ty=GLfloat
C:\Users\noah\source\repos\WaveBricks\entitiesd.cpp(604,112): warning C4244:         ]
C:\Users\noah\source\repos\WaveBricks\entitiesd.cpp(608,48): warning C4244:  'argument': conversion from 'float' to 'const unsigned int', possible loss of data
C:\Users\noah\source\repos\WaveBricks\entitiesd.cpp(608,24): warning C4018:  '<': signed/unsigned mismatch
C:\Users\noah\source\repos\WaveBricks\entitiesd.cpp(609,79): warning C4244:  'argument': conversion from 'float' to 'const unsigned int', possible loss of data
C:\Users\noah\source\repos\WaveBricks\entitiesd.cpp(610,110): warning C4244:  '+=': conversion from 'double' to '_Ty', possible loss of data
C:\Users\noah\source\repos\WaveBricks\entitiesd.cpp(610,110): warning C4244:         with
C:\Users\noah\source\repos\WaveBricks\entitiesd.cpp(610,110): warning C4244:         [
C:\Users\noah\source\repos\WaveBricks\entitiesd.cpp(610,110): warning C4244:             _Ty=GLfloat
C:\Users\noah\source\repos\WaveBricks\entitiesd.cpp(610,110): warning C4244:         ]
C:\Users\noah\source\repos\WaveBricks\entitiesd.cpp(656,62): warning C4018:  '>=': signed/unsigned mismatch
C:\Users\noah\source\repos\WaveBricks\entitiesd.cpp(656,112): warning C4018:  '>=': signed/unsigned mismatch
C:\Users\noah\source\repos\WaveBricks\entitiesd.cpp(656,161): warning C4244:  'argument': conversion from 'float' to 'const unsigned int', possible loss of data
C:\Users\noah\source\repos\WaveBricks\entitiesd.cpp(656,216): warning C4018:  '>=': signed/unsigned mismatch
C:\Users\noah\source\repos\WaveBricks\entitiesd.cpp(658,48): warning C4244:  'argument': conversion from 'float' to 'const unsigned int', possible loss of data
C:\Users\noah\source\repos\WaveBricks\entitiesd.cpp(658,24): warning C4018:  '<': signed/unsigned mismatch
C:\Users\noah\source\repos\WaveBricks\entitiesd.cpp(659,45): warning C4244:  'argument': conversion from 'float' to 'const unsigned int', possible loss of data
C:\Users\noah\source\repos\WaveBricks\entitiesd.cpp(660,112): warning C4244:  '+=': conversion from 'double' to '_Ty', possible loss of data
C:\Users\noah\source\repos\WaveBricks\entitiesd.cpp(660,112): warning C4244:         with
C:\Users\noah\source\repos\WaveBricks\entitiesd.cpp(660,112): warning C4244:         [
C:\Users\noah\source\repos\WaveBricks\entitiesd.cpp(660,112): warning C4244:             _Ty=GLfloat
C:\Users\noah\source\repos\WaveBricks\entitiesd.cpp(660,112): warning C4244:         ]
C:\Users\noah\source\repos\WaveBricks\entitiesd.cpp(664,48): warning C4244:  'argument': conversion from 'float' to 'const unsigned int', possible loss of data
C:\Users\noah\source\repos\WaveBricks\entitiesd.cpp(664,24): warning C4018:  '<': signed/unsigned mismatch
C:\Users\noah\source\repos\WaveBricks\entitiesd.cpp(665,63): warning C4244:  'argument': conversion from 'float' to 'const unsigned int', possible loss of data
C:\Users\noah\source\repos\WaveBricks\entitiesd.cpp(666,80): warning C4244:  '+=': conversion from 'double' to '_Ty', possible loss of data
C:\Users\noah\source\repos\WaveBricks\entitiesd.cpp(666,80): warning C4244:         with
C:\Users\noah\source\repos\WaveBricks\entitiesd.cpp(666,80): warning C4244:         [
C:\Users\noah\source\repos\WaveBricks\entitiesd.cpp(666,80): warning C4244:             _Ty=GLfloat
C:\Users\noah\source\repos\WaveBricks\entitiesd.cpp(666,80): warning C4244:         ]
C:\Users\noah\source\repos\WaveBricks\entitiesd.cpp(707,62): warning C4018:  '>=': signed/unsigned mismatch
C:\Users\noah\source\repos\WaveBricks\entitiesd.cpp(707,112): warning C4018:  '>=': signed/unsigned mismatch
C:\Users\noah\source\repos\WaveBricks\entitiesd.cpp(707,161): warning C4244:  'argument': conversion from 'float' to 'const unsigned int', possible loss of data
C:\Users\noah\source\repos\WaveBricks\entitiesd.cpp(707,216): warning C4018:  '>=': signed/unsigned mismatch
C:\Users\noah\source\repos\WaveBricks\entitiesd.cpp(709,48): warning C4244:  'argument': conversion from 'float' to 'const unsigned int', possible loss of data
C:\Users\noah\source\repos\WaveBricks\entitiesd.cpp(709,24): warning C4018:  '<': signed/unsigned mismatch
C:\Users\noah\source\repos\WaveBricks\entitiesd.cpp(710,49): warning C4244:  'argument': conversion from 'float' to 'const unsigned int', possible loss of data
C:\Users\noah\source\repos\WaveBricks\entitiesd.cpp(711,112): warning C4244:  '+=': conversion from 'double' to '_Ty', possible loss of data
C:\Users\noah\source\repos\WaveBricks\entitiesd.cpp(711,112): warning C4244:         with
C:\Users\noah\source\repos\WaveBricks\entitiesd.cpp(711,112): warning C4244:         [
C:\Users\noah\source\repos\WaveBricks\entitiesd.cpp(711,112): warning C4244:             _Ty=GLfloat
C:\Users\noah\source\repos\WaveBricks\entitiesd.cpp(711,112): warning C4244:         ]
C:\Users\noah\source\repos\WaveBricks\entitiesd.cpp(715,48): warning C4244:  'argument': conversion from 'float' to 'const unsigned int', possible loss of data
C:\Users\noah\source\repos\WaveBricks\entitiesd.cpp(715,24): warning C4018:  '<': signed/unsigned mismatch
C:\Users\noah\source\repos\WaveBricks\entitiesd.cpp(716,79): warning C4244:  'argument': conversion from 'float' to 'const unsigned int', possible loss of data
C:\Users\noah\source\repos\WaveBricks\entitiesd.cpp(717,116): warning C4244:  '+=': conversion from 'double' to '_Ty', possible loss of data
C:\Users\noah\source\repos\WaveBricks\entitiesd.cpp(717,116): warning C4244:         with
C:\Users\noah\source\repos\WaveBricks\entitiesd.cpp(717,116): warning C4244:         [
C:\Users\noah\source\repos\WaveBricks\entitiesd.cpp(717,116): warning C4244:             _Ty=GLfloat
C:\Users\noah\source\repos\WaveBricks\entitiesd.cpp(717,116): warning C4244:         ]
C:\Users\noah\source\repos\WaveBricks\entitiesd.cpp(764,62): warning C4018:  '>=': signed/unsigned mismatch
C:\Users\noah\source\repos\WaveBricks\entitiesd.cpp(764,112): warning C4018:  '>=': signed/unsigned mismatch
C:\Users\noah\source\repos\WaveBricks\entitiesd.cpp(764,161): warning C4244:  'argument': conversion from 'float' to 'const unsigned int', possible loss of data
C:\Users\noah\source\repos\WaveBricks\entitiesd.cpp(764,216): warning C4018:  '>=': signed/unsigned mismatch
C:\Users\noah\source\repos\WaveBricks\entitiesd.cpp(766,48): warning C4244:  'argument': conversion from 'float' to 'const unsigned int', possible loss of data
C:\Users\noah\source\repos\WaveBricks\entitiesd.cpp(766,24): warning C4018:  '<': signed/unsigned mismatch
C:\Users\noah\source\repos\WaveBricks\entitiesd.cpp(767,49): warning C4244:  'argument': conversion from 'float' to 'const unsigned int', possible loss of data
C:\Users\noah\source\repos\WaveBricks\entitiesd.cpp(768,112): warning C4244:  '+=': conversion from 'double' to '_Ty', possible loss of data
C:\Users\noah\source\repos\WaveBricks\entitiesd.cpp(768,112): warning C4244:         with
C:\Users\noah\source\repos\WaveBricks\entitiesd.cpp(768,112): warning C4244:         [
C:\Users\noah\source\repos\WaveBricks\entitiesd.cpp(768,112): warning C4244:             _Ty=GLfloat
C:\Users\noah\source\repos\WaveBricks\entitiesd.cpp(768,112): warning C4244:         ]
C:\Users\noah\source\repos\WaveBricks\entitiesd.cpp(772,48): warning C4244:  'argument': conversion from 'float' to 'const unsigned int', possible loss of data
C:\Users\noah\source\repos\WaveBricks\entitiesd.cpp(772,24): warning C4018:  '<': signed/unsigned mismatch
C:\Users\noah\source\repos\WaveBricks\entitiesd.cpp(773,75): warning C4244:  'argument': conversion from 'float' to 'const unsigned int', possible loss of data
C:\Users\noah\source\repos\WaveBricks\entitiesd.cpp(774,116): warning C4244:  '+=': conversion from 'double' to '_Ty', possible loss of data
C:\Users\noah\source\repos\WaveBricks\entitiesd.cpp(774,116): warning C4244:         with
C:\Users\noah\source\repos\WaveBricks\entitiesd.cpp(774,116): warning C4244:         [
C:\Users\noah\source\repos\WaveBricks\entitiesd.cpp(774,116): warning C4244:             _Ty=GLfloat
C:\Users\noah\source\repos\WaveBricks\entitiesd.cpp(774,116): warning C4244:         ]
C:\Users\noah\source\repos\WaveBricks\entitiesd.cpp(836,26): warning C4244:  'argument': conversion from 'float' to 'const unsigned int', possible loss of data
C:\Users\noah\source\repos\WaveBricks\entitiesd.cpp(851,34): warning C4018:  '<': signed/unsigned mismatch
C:\Users\noah\source\repos\WaveBricks\entitiesd.cpp(856,31): warning C4018:  '<': signed/unsigned mismatch
C:\Users\noah\source\repos\WaveBricks\entitiesd.cpp(857,34): warning C4018:  '<': signed/unsigned mismatch
C:\Users\noah\source\repos\WaveBricks\entitiesd.cpp(863,26): warning C4244:  '=': conversion from 'long' to 'float', possible loss of data
C:\Users\noah\source\repos\WaveBricks\entitiesd.cpp(970,33): warning C4244:  'initializing': conversion from 'float' to 'unsigned int', possible loss of data
  WaveBricks.vcxproj -> C:\Users\noah\source\repos\WaveBricks\Debug\WaveBricks.exe
