c:\users\noah\source\repos\wavebricks\debug\vc142.pdb
c:\users\noah\source\repos\wavebricks\debug\vc142.idb
c:\users\noah\source\repos\wavebricks\debug\main.obj
c:\users\noah\source\repos\wavebricks\debug\entities.obj
c:\users\noah\documents\wavebricks backups\wavebricks-master\wavebricks\debug\vc142.pdb
c:\users\noah\documents\wavebricks backups\wavebricks-master\wavebricks\debug\vc142.idb
c:\users\noah\documents\wavebricks backups\wavebricks-master\wavebricks\debug\main.obj
c:\users\noah\documents\wavebricks backups\wavebricks-master\wavebricks\debug\entitiesd.obj
c:\users\noah\documents\wavebricks backups\wavebricks-master\wavebricks\debug\entities.obj
c:\users\noah\source\repos\wavebricks\debug\entitiesd.obj
c:\users\noah\documents\wavebricks backups\wavebricks-master\wavebricks\debug\wavebricks.ilk
c:\users\noah\documents\wavebricks backups\wavebricks-master\wavebricks\debug\wavebricks.exe
c:\users\noah\documents\wavebricks backups\wavebricks-master\wavebricks\debug\wavebricks.pdb
c:\users\noah\source\repos\wavebricks\debug\wavebricks.exe
c:\users\noah\source\repos\wavebricks\debug\wavebricks.ilk
c:\users\noah\source\repos\wavebricks\debug\wavebricks.pdb
c:\users\noah\source\repos\wavebricks\debug\entities.obj.enc
c:\users\noah\source\repos\wavebricks\debug\wavebricks.tlog\cl.command.1.tlog
c:\users\noah\source\repos\wavebricks\debug\wavebricks.tlog\cl.read.1.tlog
c:\users\noah\source\repos\wavebricks\debug\wavebricks.tlog\cl.write.1.tlog
c:\users\noah\source\repos\wavebricks\debug\wavebricks.tlog\link.command.1.tlog
c:\users\noah\source\repos\wavebricks\debug\wavebricks.tlog\link.read.1.tlog
c:\users\noah\source\repos\wavebricks\debug\wavebricks.tlog\link.write.1.tlog
